[0.010s] Invoking command in '/home/louise-bilous/Coding/minicar_ws/build/groundtruthcones_visual_pkg': CMAKE_PREFIX_PATH=${CMAKE_PREFIX_PATH}:/opt/ros/jazzy DEBUGINFOD_URLS=https://debuginfod.ubuntu.com /usr/bin/cmake /home/louise-bilous/Coding/minicar_ws/src/groundtruthcones_visual_pkg -DAMENT_CMAKE_SYMLINK_INSTALL=1 -DCMAKE_INSTALL_PREFIX=/home/louise-bilous/Coding/minicar_ws/install/groundtruthcones_visual_pkg
[0.132s] -- The C compiler identification is GNU 13.3.0
[0.224s] -- The CXX compiler identification is GNU 13.3.0
[0.241s] -- Detecting C compiler ABI info
[0.315s] -- Detecting C compiler ABI info - done
[0.322s] -- Check for working C compiler: /usr/bin/cc - skipped
[0.323s] -- Detecting C compile features
[0.323s] -- Detecting C compile features - done
[0.331s] -- Detecting CXX compiler ABI info
[0.407s] -- Detecting CXX compiler ABI info - done
[0.414s] -- Check for working CXX compiler: /usr/bin/c++ - skipped
[0.414s] -- Detecting CXX compile features
[0.415s] -- Detecting CXX compile features - done
[0.418s] [33mCMake Warning (dev) at /usr/share/cmake-3.28/Modules/FetchContent.cmake:1331 (message):
[0.418s]   The DOWNLOAD_EXTRACT_TIMESTAMP option was not given and policy CMP0135 is
[0.418s]   not set.  The policy's OLD behavior will be used.  When using a URL
[0.418s]   download, the timestamps of extracted files should preferably be that of
[0.418s]   the time of extraction, otherwise code that depends on the extracted
[0.418s]   contents might not be rebuilt if the URL changes.  The OLD behavior
[0.418s]   preserves the timestamps from the archive instead, but this is usually not
[0.418s]   what you want.  Update your project to the NEW behavior or specify the
[0.418s]   DOWNLOAD_EXTRACT_TIMESTAMP option with a value of true to avoid this
[0.418s]   robustness issue.
[0.419s] Call Stack (most recent call first):
[0.419s]   CMakeLists.txt:6 (FetchContent_Declare)
[0.419s] This warning is for project developers.  Use -Wno-dev to suppress it.
[0.419s] [0m
[0.441s] -- Found ament_cmake: 2.5.2 (/opt/ros/jazzy/share/ament_cmake/cmake)
[0.571s] -- Found Python3: /usr/bin/python3 (found version "3.12.3") found components: Interpreter 
[0.638s] -- Override CMake install command with custom implementation using symlinks instead of copying resources
[0.681s] -- Found ament_lint_auto: 0.17.1 (/opt/ros/jazzy/share/ament_lint_auto/cmake)
[0.783s] -- Added test 'cppcheck' to perform static code analysis on C / C++ code
[0.783s] -- Configured cppcheck include dirs: $<BUILD_INTERFACE:/home/louise-bilous/Coding/minicar_ws/src/groundtruthcones_visual_pkg/include>
[0.783s] -- Configured cppcheck exclude dirs and/or files: 
[0.784s] -- Added test 'lint_cmake' to check CMake code style
[0.786s] -- Added test 'uncrustify' to check C / C++ code style
[0.786s] -- Configured uncrustify additional arguments: 
[0.787s] -- Added test 'xmllint' to check XML markup files
[0.789s] -- Configuring done (0.8s)
[0.793s] -- Generating done (0.0s)
[0.795s] -- Build files have been written to: /home/louise-bilous/Coding/minicar_ws/build/groundtruthcones_visual_pkg
[0.798s] Invoked command in '/home/louise-bilous/Coding/minicar_ws/build/groundtruthcones_visual_pkg' returned '0': CMAKE_PREFIX_PATH=${CMAKE_PREFIX_PATH}:/opt/ros/jazzy DEBUGINFOD_URLS=https://debuginfod.ubuntu.com /usr/bin/cmake /home/louise-bilous/Coding/minicar_ws/src/groundtruthcones_visual_pkg -DAMENT_CMAKE_SYMLINK_INSTALL=1 -DCMAKE_INSTALL_PREFIX=/home/louise-bilous/Coding/minicar_ws/install/groundtruthcones_visual_pkg
[0.799s] Invoking command in '/home/louise-bilous/Coding/minicar_ws/build/groundtruthcones_visual_pkg': CMAKE_PREFIX_PATH=${CMAKE_PREFIX_PATH}:/opt/ros/jazzy DEBUGINFOD_URLS=https://debuginfod.ubuntu.com /usr/bin/cmake --build /home/louise-bilous/Coding/minicar_ws/build/groundtruthcones_visual_pkg -- -j8 -l8
[0.840s] [ 50%] [32mBuilding CXX object CMakeFiles/publish_cone_markers.dir/src/publish_cone_markers.cpp.o[0m
[0.846s] [01m[K/home/louise-bilous/Coding/minicar_ws/src/groundtruthcones_visual_pkg/src/publish_cone_markers.cpp:1:10:[m[K [01;31m[Kfatal error: [m[Krclcpp/rclcpp.hpp: No such file or directory
[0.846s]     1 | #include [01;31m[K<rclcpp/rclcpp.hpp>[m[K
[0.846s]       |          [01;31m[K^~~~~~~~~~~~~~~~~~~[m[K
[0.846s] compilation terminated.
[0.846s] gmake[2]: *** [CMakeFiles/publish_cone_markers.dir/build.make:76: CMakeFiles/publish_cone_markers.dir/src/publish_cone_markers.cpp.o] Error 1
[0.847s] gmake[1]: *** [CMakeFiles/Makefile2:137: CMakeFiles/publish_cone_markers.dir/all] Error 2
[0.847s] gmake: *** [Makefile:146: all] Error 2
[0.849s] Invoked command in '/home/louise-bilous/Coding/minicar_ws/build/groundtruthcones_visual_pkg' returned '2': CMAKE_PREFIX_PATH=${CMAKE_PREFIX_PATH}:/opt/ros/jazzy DEBUGINFOD_URLS=https://debuginfod.ubuntu.com /usr/bin/cmake --build /home/louise-bilous/Coding/minicar_ws/build/groundtruthcones_visual_pkg -- -j8 -l8
