[0.080s] DEBUG:colcon:Command line arguments: ['/usr/bin/colcon', 'build', '--symlink-install', '--cmake-clean-cache']
[0.080s] DEBUG:colcon:Parsed command line arguments: Namespace(log_base=None, log_level=None, verb_name='build', build_base='build', install_base='install', merge_install=False, symlink_install=True, test_result_base=None, continue_on_error=False, executor='parallel', parallel_workers=8, event_handlers=None, ignore_user_meta=False, metas=['./colcon.meta'], base_paths=['.'], packages_ignore=None, packages_ignore_regex=None, paths=None, packages_up_to=None, packages_up_to_regex=None, packages_above=None, packages_above_and_dependencies=None, packages_above_depth=None, packages_select_by_dep=None, packages_skip_by_dep=None, packages_skip_up_to=None, packages_select_build_failed=False, packages_skip_build_finished=False, packages_select_test_failures=False, packages_skip_test_passed=False, packages_select=None, packages_skip=None, packages_select_regex=None, packages_skip_regex=None, packages_start=None, packages_end=None, allow_overriding=[], cmake_args=None, cmake_target=None, cmake_target_skip_unavailable=False, cmake_clean_cache=True, cmake_clean_first=False, cmake_force_configure=False, ament_cmake_args=None, catkin_cmake_args=None, catkin_skip_building_tests=False, mixin_files=None, mixin=None, verb_parser=<colcon_mixin.mixin.mixin_argument.MixinArgumentDecorator object at 0x764ae9f8da90>, verb_extension=<colcon_core.verb.build.BuildVerb object at 0x764ae9f8d4f0>, main=<bound method BuildVerb.main of <colcon_core.verb.build.BuildVerb object at 0x764ae9f8d4f0>>, mixin_verb=('build',))
[0.109s] Level 1:colcon.colcon_core.package_discovery:discover_packages(colcon_meta) check parameters
[0.109s] Level 1:colcon.colcon_core.package_discovery:discover_packages(recursive) check parameters
[0.109s] Level 1:colcon.colcon_core.package_discovery:discover_packages(ignore) check parameters
[0.109s] Level 1:colcon.colcon_core.package_discovery:discover_packages(path) check parameters
[0.109s] Level 1:colcon.colcon_core.package_discovery:discover_packages(colcon_meta) discover
[0.109s] Level 1:colcon.colcon_core.package_discovery:discover_packages(recursive) discover
[0.109s] INFO:colcon.colcon_core.package_discovery:Crawling recursively for packages in '/home/louise-bilous/Coding/minicar_ws'
[0.109s] Level 1:colcon.colcon_core.package_identification:_identify(.) by extensions ['ignore', 'ignore_ament_install']
[0.109s] Level 1:colcon.colcon_core.package_identification:_identify(.) by extension 'ignore'
[0.109s] Level 1:colcon.colcon_core.package_identification:_identify(.) by extension 'ignore_ament_install'
[0.109s] Level 1:colcon.colcon_core.package_identification:_identify(.) by extensions ['colcon_pkg']
[0.109s] Level 1:colcon.colcon_core.package_identification:_identify(.) by extension 'colcon_pkg'
[0.109s] Level 1:colcon.colcon_core.package_identification:_identify(.) by extensions ['colcon_meta']
[0.109s] Level 1:colcon.colcon_core.package_identification:_identify(.) by extension 'colcon_meta'
[0.110s] Level 1:colcon.colcon_core.package_identification:_identify(.) by extensions ['ros']
[0.110s] Level 1:colcon.colcon_core.package_identification:_identify(.) by extension 'ros'
[0.129s] Level 1:colcon.colcon_core.package_identification:_identify(.) by extensions ['cmake', 'python']
[0.129s] Level 1:colcon.colcon_core.package_identification:_identify(.) by extension 'cmake'
[0.129s] Level 1:colcon.colcon_core.package_identification:_identify(.) by extension 'python'
[0.129s] Level 1:colcon.colcon_core.package_identification:_identify(.) by extensions ['python_setup_py']
[0.129s] Level 1:colcon.colcon_core.package_identification:_identify(.) by extension 'python_setup_py'
[0.129s] Level 1:colcon.colcon_core.package_identification:_identify(build) by extensions ['ignore', 'ignore_ament_install']
[0.129s] Level 1:colcon.colcon_core.package_identification:_identify(build) by extension 'ignore'
[0.129s] Level 1:colcon.colcon_core.package_identification:_identify(build) ignored
[0.129s] Level 1:colcon.colcon_core.package_identification:_identify(install) by extensions ['ignore', 'ignore_ament_install']
[0.129s] Level 1:colcon.colcon_core.package_identification:_identify(install) by extension 'ignore'
[0.129s] Level 1:colcon.colcon_core.package_identification:_identify(install) ignored
[0.129s] Level 1:colcon.colcon_core.package_identification:_identify(log) by extensions ['ignore', 'ignore_ament_install']
[0.129s] Level 1:colcon.colcon_core.package_identification:_identify(log) by extension 'ignore'
[0.129s] Level 1:colcon.colcon_core.package_identification:_identify(log) ignored
[0.129s] Level 1:colcon.colcon_core.package_identification:_identify(src) by extensions ['ignore', 'ignore_ament_install']
[0.129s] Level 1:colcon.colcon_core.package_identification:_identify(src) by extension 'ignore'
[0.129s] Level 1:colcon.colcon_core.package_identification:_identify(src) by extension 'ignore_ament_install'
[0.129s] Level 1:colcon.colcon_core.package_identification:_identify(src) by extensions ['colcon_pkg']
[0.129s] Level 1:colcon.colcon_core.package_identification:_identify(src) by extension 'colcon_pkg'
[0.130s] Level 1:colcon.colcon_core.package_identification:_identify(src) by extensions ['colcon_meta']
[0.130s] Level 1:colcon.colcon_core.package_identification:_identify(src) by extension 'colcon_meta'
[0.130s] Level 1:colcon.colcon_core.package_identification:_identify(src) by extensions ['ros']
[0.130s] Level 1:colcon.colcon_core.package_identification:_identify(src) by extension 'ros'
[0.130s] Level 1:colcon.colcon_core.package_identification:_identify(src) by extensions ['cmake', 'python']
[0.130s] Level 1:colcon.colcon_core.package_identification:_identify(src) by extension 'cmake'
[0.130s] Level 1:colcon.colcon_core.package_identification:_identify(src) by extension 'python'
[0.130s] Level 1:colcon.colcon_core.package_identification:_identify(src) by extensions ['python_setup_py']
[0.130s] Level 1:colcon.colcon_core.package_identification:_identify(src) by extension 'python_setup_py'
[0.130s] Level 1:colcon.colcon_core.package_identification:_identify(src/groundtruthcones_visual_pkg) by extensions ['ignore', 'ignore_ament_install']
[0.130s] Level 1:colcon.colcon_core.package_identification:_identify(src/groundtruthcones_visual_pkg) by extension 'ignore'
[0.130s] Level 1:colcon.colcon_core.package_identification:_identify(src/groundtruthcones_visual_pkg) by extension 'ignore_ament_install'
[0.130s] Level 1:colcon.colcon_core.package_identification:_identify(src/groundtruthcones_visual_pkg) by extensions ['colcon_pkg']
[0.130s] Level 1:colcon.colcon_core.package_identification:_identify(src/groundtruthcones_visual_pkg) by extension 'colcon_pkg'
[0.130s] Level 1:colcon.colcon_core.package_identification:_identify(src/groundtruthcones_visual_pkg) by extensions ['colcon_meta']
[0.130s] Level 1:colcon.colcon_core.package_identification:_identify(src/groundtruthcones_visual_pkg) by extension 'colcon_meta'
[0.130s] Level 1:colcon.colcon_core.package_identification:_identify(src/groundtruthcones_visual_pkg) by extensions ['ros']
[0.130s] Level 1:colcon.colcon_core.package_identification:_identify(src/groundtruthcones_visual_pkg) by extension 'ros'
[0.132s] DEBUG:colcon.colcon_core.package_identification:Package 'src/groundtruthcones_visual_pkg' with type 'ros.ament_cmake' and name 'groundtruthcones_visual_pkg'
[0.132s] Level 1:colcon.colcon_core.package_discovery:discover_packages(recursive) using defaults
[0.132s] Level 1:colcon.colcon_core.package_discovery:discover_packages(ignore) discover
[0.132s] Level 1:colcon.colcon_core.package_discovery:discover_packages(ignore) using defaults
[0.132s] Level 1:colcon.colcon_core.package_discovery:discover_packages(path) discover
[0.132s] Level 1:colcon.colcon_core.package_discovery:discover_packages(path) using defaults
[0.145s] Level 1:colcon.colcon_core.package_discovery:discover_packages(prefix_path) check parameters
[0.145s] Level 1:colcon.colcon_core.package_discovery:discover_packages(prefix_path) discover
[0.146s] DEBUG:colcon.colcon_installed_package_information.package_discovery:Found 1 installed packages in /home/louise-bilous/Coding/minicar_ws/install
[0.147s] DEBUG:colcon.colcon_installed_package_information.package_discovery:Found 333 installed packages in /opt/ros/jazzy
[0.148s] Level 1:colcon.colcon_core.package_discovery:discover_packages(prefix_path) using defaults
[0.181s] Level 5:colcon.colcon_core.verb:set package 'groundtruthcones_visual_pkg' build argument 'cmake_args' from command line to 'None'
[0.181s] Level 5:colcon.colcon_core.verb:set package 'groundtruthcones_visual_pkg' build argument 'cmake_target' from command line to 'None'
[0.181s] Level 5:colcon.colcon_core.verb:set package 'groundtruthcones_visual_pkg' build argument 'cmake_target_skip_unavailable' from command line to 'False'
[0.181s] Level 5:colcon.colcon_core.verb:set package 'groundtruthcones_visual_pkg' build argument 'cmake_clean_cache' from command line to 'True'
[0.181s] Level 5:colcon.colcon_core.verb:set package 'groundtruthcones_visual_pkg' build argument 'cmake_clean_first' from command line to 'False'
[0.181s] Level 5:colcon.colcon_core.verb:set package 'groundtruthcones_visual_pkg' build argument 'cmake_force_configure' from command line to 'False'
[0.181s] Level 5:colcon.colcon_core.verb:set package 'groundtruthcones_visual_pkg' build argument 'ament_cmake_args' from command line to 'None'
[0.181s] Level 5:colcon.colcon_core.verb:set package 'groundtruthcones_visual_pkg' build argument 'catkin_cmake_args' from command line to 'None'
[0.181s] Level 5:colcon.colcon_core.verb:set package 'groundtruthcones_visual_pkg' build argument 'catkin_skip_building_tests' from command line to 'False'
[0.181s] DEBUG:colcon.colcon_core.verb:Building package 'groundtruthcones_visual_pkg' with the following arguments: {'ament_cmake_args': None, 'build_base': '/home/louise-bilous/Coding/minicar_ws/build/groundtruthcones_visual_pkg', 'catkin_cmake_args': None, 'catkin_skip_building_tests': False, 'cmake_args': None, 'cmake_clean_cache': True, 'cmake_clean_first': False, 'cmake_force_configure': False, 'cmake_target': None, 'cmake_target_skip_unavailable': False, 'install_base': '/home/louise-bilous/Coding/minicar_ws/install/groundtruthcones_visual_pkg', 'merge_install': False, 'path': '/home/louise-bilous/Coding/minicar_ws/src/groundtruthcones_visual_pkg', 'symlink_install': True, 'test_result_base': None}
[0.181s] INFO:colcon.colcon_core.executor:Executing jobs using 'parallel' executor
[0.182s] DEBUG:colcon.colcon_parallel_executor.executor.parallel:run_until_complete
[0.182s] INFO:colcon.colcon_ros.task.ament_cmake.build:Building ROS package in '/home/louise-bilous/Coding/minicar_ws/src/groundtruthcones_visual_pkg' with build type 'ament_cmake'
[0.182s] INFO:colcon.colcon_cmake.task.cmake.build:Building CMake package in '/home/louise-bilous/Coding/minicar_ws/src/groundtruthcones_visual_pkg'
[0.184s] INFO:colcon.colcon_core.plugin_system:Skipping extension 'colcon_core.shell.bat': Not used on non-Windows systems
[0.184s] INFO:colcon.colcon_core.shell:Skip shell extension 'powershell' for command environment: Not usable outside of PowerShell
[0.184s] DEBUG:colcon.colcon_core.shell:Skip shell extension 'dsv' for command environment
[0.191s] DEBUG:colcon.colcon_core.event_handler.log_command:Invoking command in '/home/louise-bilous/Coding/minicar_ws/build/groundtruthcones_visual_pkg': CMAKE_PREFIX_PATH=${CMAKE_PREFIX_PATH}:/opt/ros/jazzy DEBUGINFOD_URLS=https://debuginfod.ubuntu.com /usr/bin/cmake /home/louise-bilous/Coding/minicar_ws/src/groundtruthcones_visual_pkg -DAMENT_CMAKE_SYMLINK_INSTALL=1 -DCMAKE_INSTALL_PREFIX=/home/louise-bilous/Coding/minicar_ws/install/groundtruthcones_visual_pkg
[1.193s] DEBUG:colcon.colcon_core.event_handler.log_command:Invoked command in '/home/louise-bilous/Coding/minicar_ws/build/groundtruthcones_visual_pkg' returned '0': CMAKE_PREFIX_PATH=${CMAKE_PREFIX_PATH}:/opt/ros/jazzy DEBUGINFOD_URLS=https://debuginfod.ubuntu.com /usr/bin/cmake /home/louise-bilous/Coding/minicar_ws/src/groundtruthcones_visual_pkg -DAMENT_CMAKE_SYMLINK_INSTALL=1 -DCMAKE_INSTALL_PREFIX=/home/louise-bilous/Coding/minicar_ws/install/groundtruthcones_visual_pkg
[1.194s] DEBUG:colcon.colcon_core.event_handler.log_command:Invoking command in '/home/louise-bilous/Coding/minicar_ws/build/groundtruthcones_visual_pkg': CMAKE_PREFIX_PATH=${CMAKE_PREFIX_PATH}:/opt/ros/jazzy DEBUGINFOD_URLS=https://debuginfod.ubuntu.com /usr/bin/cmake --build /home/louise-bilous/Coding/minicar_ws/build/groundtruthcones_visual_pkg -- -j8 -l8
[6.186s] DEBUG:colcon.colcon_core.event_handler.log_command:Invoked command in '/home/louise-bilous/Coding/minicar_ws/build/groundtruthcones_visual_pkg' returned '0': CMAKE_PREFIX_PATH=${CMAKE_PREFIX_PATH}:/opt/ros/jazzy DEBUGINFOD_URLS=https://debuginfod.ubuntu.com /usr/bin/cmake --build /home/louise-bilous/Coding/minicar_ws/build/groundtruthcones_visual_pkg -- -j8 -l8
[6.194s] DEBUG:colcon.colcon_core.event_handler.log_command:Invoking command in '/home/louise-bilous/Coding/minicar_ws/build/groundtruthcones_visual_pkg': CMAKE_PREFIX_PATH=${CMAKE_PREFIX_PATH}:/opt/ros/jazzy DEBUGINFOD_URLS=https://debuginfod.ubuntu.com /usr/bin/cmake --install /home/louise-bilous/Coding/minicar_ws/build/groundtruthcones_visual_pkg
[6.213s] Level 1:colcon.colcon_core.environment:create_environment_scripts_only(groundtruthcones_visual_pkg)
[6.213s] DEBUG:colcon.colcon_core.event_handler.log_command:Invoked command in '/home/louise-bilous/Coding/minicar_ws/build/groundtruthcones_visual_pkg' returned '0': CMAKE_PREFIX_PATH=${CMAKE_PREFIX_PATH}:/opt/ros/jazzy DEBUGINFOD_URLS=https://debuginfod.ubuntu.com /usr/bin/cmake --install /home/louise-bilous/Coding/minicar_ws/build/groundtruthcones_visual_pkg
[6.214s] Level 1:colcon.colcon_core.environment:checking '/home/louise-bilous/Coding/minicar_ws/install/groundtruthcones_visual_pkg' for CMake module files
[6.215s] Level 1:colcon.colcon_core.environment:checking '/home/louise-bilous/Coding/minicar_ws/install/groundtruthcones_visual_pkg' for CMake config files
[6.215s] Level 1:colcon.colcon_core.shell:create_environment_hook('groundtruthcones_visual_pkg', 'cmake_prefix_path')
[6.215s] INFO:colcon.colcon_core.shell:Creating environment hook '/home/louise-bilous/Coding/minicar_ws/install/groundtruthcones_visual_pkg/share/groundtruthcones_visual_pkg/hook/cmake_prefix_path.ps1'
[6.216s] INFO:colcon.colcon_core.shell:Creating environment descriptor '/home/louise-bilous/Coding/minicar_ws/install/groundtruthcones_visual_pkg/share/groundtruthcones_visual_pkg/hook/cmake_prefix_path.dsv'
[6.216s] INFO:colcon.colcon_core.shell:Creating environment hook '/home/louise-bilous/Coding/minicar_ws/install/groundtruthcones_visual_pkg/share/groundtruthcones_visual_pkg/hook/cmake_prefix_path.sh'
[6.216s] Level 1:colcon.colcon_core.environment:checking '/home/louise-bilous/Coding/minicar_ws/install/groundtruthcones_visual_pkg/lib'
[6.217s] Level 1:colcon.colcon_core.environment:checking '/home/louise-bilous/Coding/minicar_ws/install/groundtruthcones_visual_pkg/bin'
[6.217s] Level 1:colcon.colcon_core.environment:checking '/home/louise-bilous/Coding/minicar_ws/install/groundtruthcones_visual_pkg/lib/pkgconfig/groundtruthcones_visual_pkg.pc'
[6.217s] Level 1:colcon.colcon_core.environment:checking '/home/louise-bilous/Coding/minicar_ws/install/groundtruthcones_visual_pkg/lib/python3.12/site-packages'
[6.217s] Level 1:colcon.colcon_core.environment:checking '/home/louise-bilous/Coding/minicar_ws/install/groundtruthcones_visual_pkg/bin'
[6.217s] INFO:colcon.colcon_core.shell:Creating package script '/home/louise-bilous/Coding/minicar_ws/install/groundtruthcones_visual_pkg/share/groundtruthcones_visual_pkg/package.ps1'
[6.218s] INFO:colcon.colcon_core.shell:Creating package descriptor '/home/louise-bilous/Coding/minicar_ws/install/groundtruthcones_visual_pkg/share/groundtruthcones_visual_pkg/package.dsv'
[6.218s] INFO:colcon.colcon_core.shell:Creating package script '/home/louise-bilous/Coding/minicar_ws/install/groundtruthcones_visual_pkg/share/groundtruthcones_visual_pkg/package.sh'
[6.218s] INFO:colcon.colcon_core.shell:Creating package script '/home/louise-bilous/Coding/minicar_ws/install/groundtruthcones_visual_pkg/share/groundtruthcones_visual_pkg/package.bash'
[6.219s] INFO:colcon.colcon_core.shell:Creating package script '/home/louise-bilous/Coding/minicar_ws/install/groundtruthcones_visual_pkg/share/groundtruthcones_visual_pkg/package.zsh'
[6.219s] Level 1:colcon.colcon_core.environment:create_file_with_runtime_dependencies(/home/louise-bilous/Coding/minicar_ws/install/groundtruthcones_visual_pkg/share/colcon-core/packages/groundtruthcones_visual_pkg)
[6.219s] Level 1:colcon.colcon_core.environment:create_environment_scripts_only(groundtruthcones_visual_pkg)
[6.220s] Level 1:colcon.colcon_core.environment:checking '/home/louise-bilous/Coding/minicar_ws/install/groundtruthcones_visual_pkg' for CMake module files
[6.220s] Level 1:colcon.colcon_core.environment:checking '/home/louise-bilous/Coding/minicar_ws/install/groundtruthcones_visual_pkg' for CMake config files
[6.220s] Level 1:colcon.colcon_core.shell:create_environment_hook('groundtruthcones_visual_pkg', 'cmake_prefix_path')
[6.220s] INFO:colcon.colcon_core.shell:Creating environment hook '/home/louise-bilous/Coding/minicar_ws/install/groundtruthcones_visual_pkg/share/groundtruthcones_visual_pkg/hook/cmake_prefix_path.ps1'
[6.221s] INFO:colcon.colcon_core.shell:Creating environment descriptor '/home/louise-bilous/Coding/minicar_ws/install/groundtruthcones_visual_pkg/share/groundtruthcones_visual_pkg/hook/cmake_prefix_path.dsv'
[6.221s] INFO:colcon.colcon_core.shell:Creating environment hook '/home/louise-bilous/Coding/minicar_ws/install/groundtruthcones_visual_pkg/share/groundtruthcones_visual_pkg/hook/cmake_prefix_path.sh'
[6.221s] Level 1:colcon.colcon_core.environment:checking '/home/louise-bilous/Coding/minicar_ws/install/groundtruthcones_visual_pkg/lib'
[6.221s] Level 1:colcon.colcon_core.environment:checking '/home/louise-bilous/Coding/minicar_ws/install/groundtruthcones_visual_pkg/bin'
[6.221s] Level 1:colcon.colcon_core.environment:checking '/home/louise-bilous/Coding/minicar_ws/install/groundtruthcones_visual_pkg/lib/pkgconfig/groundtruthcones_visual_pkg.pc'
[6.221s] Level 1:colcon.colcon_core.environment:checking '/home/louise-bilous/Coding/minicar_ws/install/groundtruthcones_visual_pkg/lib/python3.12/site-packages'
[6.221s] Level 1:colcon.colcon_core.environment:checking '/home/louise-bilous/Coding/minicar_ws/install/groundtruthcones_visual_pkg/bin'
[6.222s] INFO:colcon.colcon_core.shell:Creating package script '/home/louise-bilous/Coding/minicar_ws/install/groundtruthcones_visual_pkg/share/groundtruthcones_visual_pkg/package.ps1'
[6.222s] INFO:colcon.colcon_core.shell:Creating package descriptor '/home/louise-bilous/Coding/minicar_ws/install/groundtruthcones_visual_pkg/share/groundtruthcones_visual_pkg/package.dsv'
[6.222s] INFO:colcon.colcon_core.shell:Creating package script '/home/louise-bilous/Coding/minicar_ws/install/groundtruthcones_visual_pkg/share/groundtruthcones_visual_pkg/package.sh'
[6.223s] INFO:colcon.colcon_core.shell:Creating package script '/home/louise-bilous/Coding/minicar_ws/install/groundtruthcones_visual_pkg/share/groundtruthcones_visual_pkg/package.bash'
[6.223s] INFO:colcon.colcon_core.shell:Creating package script '/home/louise-bilous/Coding/minicar_ws/install/groundtruthcones_visual_pkg/share/groundtruthcones_visual_pkg/package.zsh'
[6.223s] Level 1:colcon.colcon_core.environment:create_file_with_runtime_dependencies(/home/louise-bilous/Coding/minicar_ws/install/groundtruthcones_visual_pkg/share/colcon-core/packages/groundtruthcones_visual_pkg)
[6.223s] DEBUG:colcon.colcon_parallel_executor.executor.parallel:closing loop
[6.224s] DEBUG:colcon.colcon_parallel_executor.executor.parallel:loop closed
[6.224s] DEBUG:colcon.colcon_parallel_executor.executor.parallel:run_until_complete finished with '0'
[6.224s] DEBUG:colcon.colcon_core.event_reactor:joining thread
[6.228s] INFO:colcon.colcon_core.plugin_system:Skipping extension 'colcon_notification.desktop_notification.terminal_notifier': Not used on non-Darwin systems
[6.228s] INFO:colcon.colcon_core.plugin_system:Skipping extension 'colcon_notification.desktop_notification.win32': Not used on non-Windows systems
[6.228s] INFO:colcon.colcon_notification.desktop_notification:Sending desktop notification using 'notify2'
[6.239s] DEBUG:colcon.colcon_core.event_reactor:joined thread
[6.239s] INFO:colcon.colcon_core.shell:Creating prefix script '/home/louise-bilous/Coding/minicar_ws/install/local_setup.ps1'
[6.240s] INFO:colcon.colcon_core.shell:Creating prefix util module '/home/louise-bilous/Coding/minicar_ws/install/_local_setup_util_ps1.py'
[6.240s] INFO:colcon.colcon_core.shell:Creating prefix chain script '/home/louise-bilous/Coding/minicar_ws/install/setup.ps1'
[6.241s] INFO:colcon.colcon_core.shell:Creating prefix script '/home/louise-bilous/Coding/minicar_ws/install/local_setup.sh'
[6.241s] INFO:colcon.colcon_core.shell:Creating prefix util module '/home/louise-bilous/Coding/minicar_ws/install/_local_setup_util_sh.py'
[6.242s] INFO:colcon.colcon_core.shell:Creating prefix chain script '/home/louise-bilous/Coding/minicar_ws/install/setup.sh'
[6.243s] INFO:colcon.colcon_core.shell:Creating prefix script '/home/louise-bilous/Coding/minicar_ws/install/local_setup.bash'
[6.243s] INFO:colcon.colcon_core.shell:Creating prefix chain script '/home/louise-bilous/Coding/minicar_ws/install/setup.bash'
[6.244s] INFO:colcon.colcon_core.shell:Creating prefix script '/home/louise-bilous/Coding/minicar_ws/install/local_setup.zsh'
[6.244s] INFO:colcon.colcon_core.shell:Creating prefix chain script '/home/louise-bilous/Coding/minicar_ws/install/setup.zsh'
