[0.083s] DEBUG:colcon:Command line arguments: ['/usr/bin/colcon', 'build', '--symlink-install', '--cmake-clean-cache']
[0.083s] DEBUG:colcon:Parsed command line arguments: Namespace(log_base=None, log_level=None, verb_name='build', build_base='build', install_base='install', merge_install=False, symlink_install=True, test_result_base=None, continue_on_error=False, executor='parallel', parallel_workers=8, event_handlers=None, ignore_user_meta=False, metas=['./colcon.meta'], base_paths=['.'], packages_ignore=None, packages_ignore_regex=None, paths=None, packages_up_to=None, packages_up_to_regex=None, packages_above=None, packages_above_and_dependencies=None, packages_above_depth=None, packages_select_by_dep=None, packages_skip_by_dep=None, packages_skip_up_to=None, packages_select_build_failed=False, packages_skip_build_finished=False, packages_select_test_failures=False, packages_skip_test_passed=False, packages_select=None, packages_skip=None, packages_select_regex=None, packages_skip_regex=None, packages_start=None, packages_end=None, allow_overriding=[], cmake_args=None, cmake_target=None, cmake_target_skip_unavailable=False, cmake_clean_cache=True, cmake_clean_first=False, cmake_force_configure=False, ament_cmake_args=None, catkin_cmake_args=None, catkin_skip_building_tests=False, mixin_files=None, mixin=None, verb_parser=<colcon_mixin.mixin.mixin_argument.MixinArgumentDecorator object at 0x72c515691ac0>, verb_extension=<colcon_core.verb.build.BuildVerb object at 0x72c515691790>, main=<bound method BuildVerb.main of <colcon_core.verb.build.BuildVerb object at 0x72c515691790>>, mixin_verb=('build',))
[0.115s] Level 1:colcon.colcon_core.package_discovery:discover_packages(colcon_meta) check parameters
[0.115s] Level 1:colcon.colcon_core.package_discovery:discover_packages(recursive) check parameters
[0.115s] Level 1:colcon.colcon_core.package_discovery:discover_packages(ignore) check parameters
[0.115s] Level 1:colcon.colcon_core.package_discovery:discover_packages(path) check parameters
[0.115s] Level 1:colcon.colcon_core.package_discovery:discover_packages(colcon_meta) discover
[0.115s] Level 1:colcon.colcon_core.package_discovery:discover_packages(recursive) discover
[0.115s] INFO:colcon.colcon_core.package_discovery:Crawling recursively for packages in '/home/louise-bilous/Coding/minicar_ws'
[0.115s] Level 1:colcon.colcon_core.package_identification:_identify(.) by extensions ['ignore', 'ignore_ament_install']
[0.115s] Level 1:colcon.colcon_core.package_identification:_identify(.) by extension 'ignore'
[0.116s] Level 1:colcon.colcon_core.package_identification:_identify(.) by extension 'ignore_ament_install'
[0.116s] Level 1:colcon.colcon_core.package_identification:_identify(.) by extensions ['colcon_pkg']
[0.116s] Level 1:colcon.colcon_core.package_identification:_identify(.) by extension 'colcon_pkg'
[0.116s] Level 1:colcon.colcon_core.package_identification:_identify(.) by extensions ['colcon_meta']
[0.116s] Level 1:colcon.colcon_core.package_identification:_identify(.) by extension 'colcon_meta'
[0.116s] Level 1:colcon.colcon_core.package_identification:_identify(.) by extensions ['ros']
[0.116s] Level 1:colcon.colcon_core.package_identification:_identify(.) by extension 'ros'
[0.136s] Level 1:colcon.colcon_core.package_identification:_identify(.) by extensions ['cmake', 'python']
[0.136s] Level 1:colcon.colcon_core.package_identification:_identify(.) by extension 'cmake'
[0.136s] Level 1:colcon.colcon_core.package_identification:_identify(.) by extension 'python'
[0.136s] Level 1:colcon.colcon_core.package_identification:_identify(.) by extensions ['python_setup_py']
[0.136s] Level 1:colcon.colcon_core.package_identification:_identify(.) by extension 'python_setup_py'
[0.137s] Level 1:colcon.colcon_core.package_identification:_identify(build) by extensions ['ignore', 'ignore_ament_install']
[0.137s] Level 1:colcon.colcon_core.package_identification:_identify(build) by extension 'ignore'
[0.137s] Level 1:colcon.colcon_core.package_identification:_identify(build) ignored
[0.137s] Level 1:colcon.colcon_core.package_identification:_identify(install) by extensions ['ignore', 'ignore_ament_install']
[0.137s] Level 1:colcon.colcon_core.package_identification:_identify(install) by extension 'ignore'
[0.137s] Level 1:colcon.colcon_core.package_identification:_identify(install) ignored
[0.137s] Level 1:colcon.colcon_core.package_identification:_identify(log) by extensions ['ignore', 'ignore_ament_install']
[0.137s] Level 1:colcon.colcon_core.package_identification:_identify(log) by extension 'ignore'
[0.137s] Level 1:colcon.colcon_core.package_identification:_identify(log) ignored
[0.137s] Level 1:colcon.colcon_core.package_identification:_identify(src) by extensions ['ignore', 'ignore_ament_install']
[0.137s] Level 1:colcon.colcon_core.package_identification:_identify(src) by extension 'ignore'
[0.137s] Level 1:colcon.colcon_core.package_identification:_identify(src) by extension 'ignore_ament_install'
[0.137s] Level 1:colcon.colcon_core.package_identification:_identify(src) by extensions ['colcon_pkg']
[0.137s] Level 1:colcon.colcon_core.package_identification:_identify(src) by extension 'colcon_pkg'
[0.137s] Level 1:colcon.colcon_core.package_identification:_identify(src) by extensions ['colcon_meta']
[0.137s] Level 1:colcon.colcon_core.package_identification:_identify(src) by extension 'colcon_meta'
[0.137s] Level 1:colcon.colcon_core.package_identification:_identify(src) by extensions ['ros']
[0.137s] Level 1:colcon.colcon_core.package_identification:_identify(src) by extension 'ros'
[0.137s] Level 1:colcon.colcon_core.package_identification:_identify(src) by extensions ['cmake', 'python']
[0.137s] Level 1:colcon.colcon_core.package_identification:_identify(src) by extension 'cmake'
[0.137s] Level 1:colcon.colcon_core.package_identification:_identify(src) by extension 'python'
[0.137s] Level 1:colcon.colcon_core.package_identification:_identify(src) by extensions ['python_setup_py']
[0.137s] Level 1:colcon.colcon_core.package_identification:_identify(src) by extension 'python_setup_py'
[0.138s] Level 1:colcon.colcon_core.package_identification:_identify(src/groundtruthcones_visual_pkg) by extensions ['ignore', 'ignore_ament_install']
[0.138s] Level 1:colcon.colcon_core.package_identification:_identify(src/groundtruthcones_visual_pkg) by extension 'ignore'
[0.138s] Level 1:colcon.colcon_core.package_identification:_identify(src/groundtruthcones_visual_pkg) by extension 'ignore_ament_install'
[0.138s] Level 1:colcon.colcon_core.package_identification:_identify(src/groundtruthcones_visual_pkg) by extensions ['colcon_pkg']
[0.138s] Level 1:colcon.colcon_core.package_identification:_identify(src/groundtruthcones_visual_pkg) by extension 'colcon_pkg'
[0.138s] Level 1:colcon.colcon_core.package_identification:_identify(src/groundtruthcones_visual_pkg) by extensions ['colcon_meta']
[0.138s] Level 1:colcon.colcon_core.package_identification:_identify(src/groundtruthcones_visual_pkg) by extension 'colcon_meta'
[0.138s] Level 1:colcon.colcon_core.package_identification:_identify(src/groundtruthcones_visual_pkg) by extensions ['ros']
[0.138s] Level 1:colcon.colcon_core.package_identification:_identify(src/groundtruthcones_visual_pkg) by extension 'ros'
[0.139s] DEBUG:colcon.colcon_core.package_identification:Package 'src/groundtruthcones_visual_pkg' with type 'ros.ament_cmake' and name 'groundtruthcones_visual_pkg'
[0.139s] Level 1:colcon.colcon_core.package_discovery:discover_packages(recursive) using defaults
[0.139s] Level 1:colcon.colcon_core.package_discovery:discover_packages(ignore) discover
[0.140s] Level 1:colcon.colcon_core.package_discovery:discover_packages(ignore) using defaults
[0.140s] Level 1:colcon.colcon_core.package_discovery:discover_packages(path) discover
[0.140s] Level 1:colcon.colcon_core.package_discovery:discover_packages(path) using defaults
[0.153s] Level 1:colcon.colcon_core.package_discovery:discover_packages(prefix_path) check parameters
[0.153s] Level 1:colcon.colcon_core.package_discovery:discover_packages(prefix_path) discover
[0.155s] DEBUG:colcon.colcon_installed_package_information.package_discovery:Found 333 installed packages in /opt/ros/jazzy
[0.156s] Level 1:colcon.colcon_core.package_discovery:discover_packages(prefix_path) using defaults
[0.190s] Level 5:colcon.colcon_core.verb:set package 'groundtruthcones_visual_pkg' build argument 'cmake_args' from command line to 'None'
[0.191s] Level 5:colcon.colcon_core.verb:set package 'groundtruthcones_visual_pkg' build argument 'cmake_target' from command line to 'None'
[0.191s] Level 5:colcon.colcon_core.verb:set package 'groundtruthcones_visual_pkg' build argument 'cmake_target_skip_unavailable' from command line to 'False'
[0.191s] Level 5:colcon.colcon_core.verb:set package 'groundtruthcones_visual_pkg' build argument 'cmake_clean_cache' from command line to 'True'
[0.191s] Level 5:colcon.colcon_core.verb:set package 'groundtruthcones_visual_pkg' build argument 'cmake_clean_first' from command line to 'False'
[0.191s] Level 5:colcon.colcon_core.verb:set package 'groundtruthcones_visual_pkg' build argument 'cmake_force_configure' from command line to 'False'
[0.191s] Level 5:colcon.colcon_core.verb:set package 'groundtruthcones_visual_pkg' build argument 'ament_cmake_args' from command line to 'None'
[0.191s] Level 5:colcon.colcon_core.verb:set package 'groundtruthcones_visual_pkg' build argument 'catkin_cmake_args' from command line to 'None'
[0.191s] Level 5:colcon.colcon_core.verb:set package 'groundtruthcones_visual_pkg' build argument 'catkin_skip_building_tests' from command line to 'False'
[0.191s] DEBUG:colcon.colcon_core.verb:Building package 'groundtruthcones_visual_pkg' with the following arguments: {'ament_cmake_args': None, 'build_base': '/home/louise-bilous/Coding/minicar_ws/build/groundtruthcones_visual_pkg', 'catkin_cmake_args': None, 'catkin_skip_building_tests': False, 'cmake_args': None, 'cmake_clean_cache': True, 'cmake_clean_first': False, 'cmake_force_configure': False, 'cmake_target': None, 'cmake_target_skip_unavailable': False, 'install_base': '/home/louise-bilous/Coding/minicar_ws/install/groundtruthcones_visual_pkg', 'merge_install': False, 'path': '/home/louise-bilous/Coding/minicar_ws/src/groundtruthcones_visual_pkg', 'symlink_install': True, 'test_result_base': None}
[0.191s] INFO:colcon.colcon_core.executor:Executing jobs using 'parallel' executor
[0.192s] DEBUG:colcon.colcon_parallel_executor.executor.parallel:run_until_complete
[0.192s] INFO:colcon.colcon_ros.task.ament_cmake.build:Building ROS package in '/home/louise-bilous/Coding/minicar_ws/src/groundtruthcones_visual_pkg' with build type 'ament_cmake'
[0.192s] INFO:colcon.colcon_cmake.task.cmake.build:Building CMake package in '/home/louise-bilous/Coding/minicar_ws/src/groundtruthcones_visual_pkg'
[0.193s] INFO:colcon.colcon_core.plugin_system:Skipping extension 'colcon_core.shell.bat': Not used on non-Windows systems
[0.194s] INFO:colcon.colcon_core.shell:Skip shell extension 'powershell' for command environment: Not usable outside of PowerShell
[0.194s] DEBUG:colcon.colcon_core.shell:Skip shell extension 'dsv' for command environment
[0.201s] DEBUG:colcon.colcon_core.event_handler.log_command:Invoking command in '/home/louise-bilous/Coding/minicar_ws/build/groundtruthcones_visual_pkg': CMAKE_PREFIX_PATH=${CMAKE_PREFIX_PATH}:/opt/ros/jazzy DEBUGINFOD_URLS=https://debuginfod.ubuntu.com /usr/bin/cmake /home/louise-bilous/Coding/minicar_ws/src/groundtruthcones_visual_pkg -DAMENT_CMAKE_SYMLINK_INSTALL=1 -DCMAKE_INSTALL_PREFIX=/home/louise-bilous/Coding/minicar_ws/install/groundtruthcones_visual_pkg
[1.305s] DEBUG:colcon.colcon_core.event_handler.log_command:Invoked command in '/home/louise-bilous/Coding/minicar_ws/build/groundtruthcones_visual_pkg' returned '0': CMAKE_PREFIX_PATH=${CMAKE_PREFIX_PATH}:/opt/ros/jazzy DEBUGINFOD_URLS=https://debuginfod.ubuntu.com /usr/bin/cmake /home/louise-bilous/Coding/minicar_ws/src/groundtruthcones_visual_pkg -DAMENT_CMAKE_SYMLINK_INSTALL=1 -DCMAKE_INSTALL_PREFIX=/home/louise-bilous/Coding/minicar_ws/install/groundtruthcones_visual_pkg
[1.306s] DEBUG:colcon.colcon_core.event_handler.log_command:Invoking command in '/home/louise-bilous/Coding/minicar_ws/build/groundtruthcones_visual_pkg': CMAKE_PREFIX_PATH=${CMAKE_PREFIX_PATH}:/opt/ros/jazzy DEBUGINFOD_URLS=https://debuginfod.ubuntu.com /usr/bin/cmake --build /home/louise-bilous/Coding/minicar_ws/build/groundtruthcones_visual_pkg -- -j8 -l8
[6.323s] DEBUG:colcon.colcon_core.event_handler.log_command:Invoked command in '/home/louise-bilous/Coding/minicar_ws/build/groundtruthcones_visual_pkg' returned '0': CMAKE_PREFIX_PATH=${CMAKE_PREFIX_PATH}:/opt/ros/jazzy DEBUGINFOD_URLS=https://debuginfod.ubuntu.com /usr/bin/cmake --build /home/louise-bilous/Coding/minicar_ws/build/groundtruthcones_visual_pkg -- -j8 -l8
[6.331s] DEBUG:colcon.colcon_core.event_handler.log_command:Invoking command in '/home/louise-bilous/Coding/minicar_ws/build/groundtruthcones_visual_pkg': CMAKE_PREFIX_PATH=${CMAKE_PREFIX_PATH}:/opt/ros/jazzy DEBUGINFOD_URLS=https://debuginfod.ubuntu.com /usr/bin/cmake --install /home/louise-bilous/Coding/minicar_ws/build/groundtruthcones_visual_pkg
[6.456s] Level 1:colcon.colcon_core.environment:create_environment_scripts_only(groundtruthcones_visual_pkg)
[6.457s] DEBUG:colcon.colcon_core.event_handler.log_command:Invoked command in '/home/louise-bilous/Coding/minicar_ws/build/groundtruthcones_visual_pkg' returned '0': CMAKE_PREFIX_PATH=${CMAKE_PREFIX_PATH}:/opt/ros/jazzy DEBUGINFOD_URLS=https://debuginfod.ubuntu.com /usr/bin/cmake --install /home/louise-bilous/Coding/minicar_ws/build/groundtruthcones_visual_pkg
[6.458s] Level 1:colcon.colcon_core.environment:checking '/home/louise-bilous/Coding/minicar_ws/install/groundtruthcones_visual_pkg' for CMake module files
[6.458s] Level 1:colcon.colcon_core.environment:checking '/home/louise-bilous/Coding/minicar_ws/install/groundtruthcones_visual_pkg' for CMake config files
[6.459s] Level 1:colcon.colcon_core.shell:create_environment_hook('groundtruthcones_visual_pkg', 'cmake_prefix_path')
[6.459s] INFO:colcon.colcon_core.shell:Creating environment hook '/home/louise-bilous/Coding/minicar_ws/install/groundtruthcones_visual_pkg/share/groundtruthcones_visual_pkg/hook/cmake_prefix_path.ps1'
[6.461s] INFO:colcon.colcon_core.shell:Creating environment descriptor '/home/louise-bilous/Coding/minicar_ws/install/groundtruthcones_visual_pkg/share/groundtruthcones_visual_pkg/hook/cmake_prefix_path.dsv'
[6.461s] INFO:colcon.colcon_core.shell:Creating environment hook '/home/louise-bilous/Coding/minicar_ws/install/groundtruthcones_visual_pkg/share/groundtruthcones_visual_pkg/hook/cmake_prefix_path.sh'
[6.462s] Level 1:colcon.colcon_core.environment:checking '/home/louise-bilous/Coding/minicar_ws/install/groundtruthcones_visual_pkg/lib'
[6.462s] Level 1:colcon.colcon_core.environment:checking '/home/louise-bilous/Coding/minicar_ws/install/groundtruthcones_visual_pkg/bin'
[6.462s] Level 1:colcon.colcon_core.environment:checking '/home/louise-bilous/Coding/minicar_ws/install/groundtruthcones_visual_pkg/lib/pkgconfig/groundtruthcones_visual_pkg.pc'
[6.463s] Level 1:colcon.colcon_core.environment:checking '/home/louise-bilous/Coding/minicar_ws/install/groundtruthcones_visual_pkg/lib/python3.12/site-packages'
[6.463s] Level 1:colcon.colcon_core.environment:checking '/home/louise-bilous/Coding/minicar_ws/install/groundtruthcones_visual_pkg/bin'
[6.463s] INFO:colcon.colcon_core.shell:Creating package script '/home/louise-bilous/Coding/minicar_ws/install/groundtruthcones_visual_pkg/share/groundtruthcones_visual_pkg/package.ps1'
[6.463s] INFO:colcon.colcon_core.shell:Creating package descriptor '/home/louise-bilous/Coding/minicar_ws/install/groundtruthcones_visual_pkg/share/groundtruthcones_visual_pkg/package.dsv'
[6.464s] INFO:colcon.colcon_core.shell:Creating package script '/home/louise-bilous/Coding/minicar_ws/install/groundtruthcones_visual_pkg/share/groundtruthcones_visual_pkg/package.sh'
[6.464s] INFO:colcon.colcon_core.shell:Creating package script '/home/louise-bilous/Coding/minicar_ws/install/groundtruthcones_visual_pkg/share/groundtruthcones_visual_pkg/package.bash'
[6.465s] INFO:colcon.colcon_core.shell:Creating package script '/home/louise-bilous/Coding/minicar_ws/install/groundtruthcones_visual_pkg/share/groundtruthcones_visual_pkg/package.zsh'
[6.465s] Level 1:colcon.colcon_core.environment:create_file_with_runtime_dependencies(/home/louise-bilous/Coding/minicar_ws/install/groundtruthcones_visual_pkg/share/colcon-core/packages/groundtruthcones_visual_pkg)
[6.465s] Level 1:colcon.colcon_core.environment:create_environment_scripts_only(groundtruthcones_visual_pkg)
[6.465s] Level 1:colcon.colcon_core.environment:checking '/home/louise-bilous/Coding/minicar_ws/install/groundtruthcones_visual_pkg' for CMake module files
[6.466s] Level 1:colcon.colcon_core.environment:checking '/home/louise-bilous/Coding/minicar_ws/install/groundtruthcones_visual_pkg' for CMake config files
[6.466s] Level 1:colcon.colcon_core.shell:create_environment_hook('groundtruthcones_visual_pkg', 'cmake_prefix_path')
[6.466s] INFO:colcon.colcon_core.shell:Creating environment hook '/home/louise-bilous/Coding/minicar_ws/install/groundtruthcones_visual_pkg/share/groundtruthcones_visual_pkg/hook/cmake_prefix_path.ps1'
[6.466s] INFO:colcon.colcon_core.shell:Creating environment descriptor '/home/louise-bilous/Coding/minicar_ws/install/groundtruthcones_visual_pkg/share/groundtruthcones_visual_pkg/hook/cmake_prefix_path.dsv'
[6.466s] INFO:colcon.colcon_core.shell:Creating environment hook '/home/louise-bilous/Coding/minicar_ws/install/groundtruthcones_visual_pkg/share/groundtruthcones_visual_pkg/hook/cmake_prefix_path.sh'
[6.467s] Level 1:colcon.colcon_core.environment:checking '/home/louise-bilous/Coding/minicar_ws/install/groundtruthcones_visual_pkg/lib'
[6.467s] Level 1:colcon.colcon_core.environment:checking '/home/louise-bilous/Coding/minicar_ws/install/groundtruthcones_visual_pkg/bin'
[6.467s] Level 1:colcon.colcon_core.environment:checking '/home/louise-bilous/Coding/minicar_ws/install/groundtruthcones_visual_pkg/lib/pkgconfig/groundtruthcones_visual_pkg.pc'
[6.467s] Level 1:colcon.colcon_core.environment:checking '/home/louise-bilous/Coding/minicar_ws/install/groundtruthcones_visual_pkg/lib/python3.12/site-packages'
[6.467s] Level 1:colcon.colcon_core.environment:checking '/home/louise-bilous/Coding/minicar_ws/install/groundtruthcones_visual_pkg/bin'
[6.467s] INFO:colcon.colcon_core.shell:Creating package script '/home/louise-bilous/Coding/minicar_ws/install/groundtruthcones_visual_pkg/share/groundtruthcones_visual_pkg/package.ps1'
[6.467s] INFO:colcon.colcon_core.shell:Creating package descriptor '/home/louise-bilous/Coding/minicar_ws/install/groundtruthcones_visual_pkg/share/groundtruthcones_visual_pkg/package.dsv'
[6.468s] INFO:colcon.colcon_core.shell:Creating package script '/home/louise-bilous/Coding/minicar_ws/install/groundtruthcones_visual_pkg/share/groundtruthcones_visual_pkg/package.sh'
[6.468s] INFO:colcon.colcon_core.shell:Creating package script '/home/louise-bilous/Coding/minicar_ws/install/groundtruthcones_visual_pkg/share/groundtruthcones_visual_pkg/package.bash'
[6.468s] INFO:colcon.colcon_core.shell:Creating package script '/home/louise-bilous/Coding/minicar_ws/install/groundtruthcones_visual_pkg/share/groundtruthcones_visual_pkg/package.zsh'
[6.469s] Level 1:colcon.colcon_core.environment:create_file_with_runtime_dependencies(/home/louise-bilous/Coding/minicar_ws/install/groundtruthcones_visual_pkg/share/colcon-core/packages/groundtruthcones_visual_pkg)
[6.469s] DEBUG:colcon.colcon_parallel_executor.executor.parallel:closing loop
[6.469s] DEBUG:colcon.colcon_parallel_executor.executor.parallel:loop closed
[6.469s] DEBUG:colcon.colcon_parallel_executor.executor.parallel:run_until_complete finished with '0'
[6.469s] DEBUG:colcon.colcon_core.event_reactor:joining thread
[6.473s] INFO:colcon.colcon_core.plugin_system:Skipping extension 'colcon_notification.desktop_notification.terminal_notifier': Not used on non-Darwin systems
[6.473s] INFO:colcon.colcon_core.plugin_system:Skipping extension 'colcon_notification.desktop_notification.win32': Not used on non-Windows systems
[6.473s] INFO:colcon.colcon_notification.desktop_notification:Sending desktop notification using 'notify2'
[6.484s] DEBUG:colcon.colcon_core.event_reactor:joined thread
[6.484s] INFO:colcon.colcon_core.shell:Creating prefix script '/home/louise-bilous/Coding/minicar_ws/install/local_setup.ps1'
[6.485s] INFO:colcon.colcon_core.shell:Creating prefix util module '/home/louise-bilous/Coding/minicar_ws/install/_local_setup_util_ps1.py'
[6.487s] INFO:colcon.colcon_core.shell:Creating prefix chain script '/home/louise-bilous/Coding/minicar_ws/install/setup.ps1'
[6.488s] INFO:colcon.colcon_core.shell:Creating prefix script '/home/louise-bilous/Coding/minicar_ws/install/local_setup.sh'
[6.488s] INFO:colcon.colcon_core.shell:Creating prefix util module '/home/louise-bilous/Coding/minicar_ws/install/_local_setup_util_sh.py'
[6.489s] INFO:colcon.colcon_core.shell:Creating prefix chain script '/home/louise-bilous/Coding/minicar_ws/install/setup.sh'
[6.490s] INFO:colcon.colcon_core.shell:Creating prefix script '/home/louise-bilous/Coding/minicar_ws/install/local_setup.bash'
[6.490s] INFO:colcon.colcon_core.shell:Creating prefix chain script '/home/louise-bilous/Coding/minicar_ws/install/setup.bash'
[6.491s] INFO:colcon.colcon_core.shell:Creating prefix script '/home/louise-bilous/Coding/minicar_ws/install/local_setup.zsh'
[6.491s] INFO:colcon.colcon_core.shell:Creating prefix chain script '/home/louise-bilous/Coding/minicar_ws/install/setup.zsh'
