[0.009s] Invoking command in '/home/louise-bilous/Coding/minicar_ws/build/groundtruthcones_visual_pkg': CMAKE_PREFIX_PATH=${CMAKE_PREFIX_PATH}:/opt/ros/jazzy DEBUGINFOD_URLS=https://debuginfod.ubuntu.com /usr/bin/cmake /home/louise-bilous/Coding/minicar_ws/src/groundtruthcones_visual_pkg -DAMENT_CMAKE_SYMLINK_INSTALL=1 -DCMAKE_INSTALL_PREFIX=/home/louise-bilous/Coding/minicar_ws/install/groundtruthcones_visual_pkg
[0.048s] -- The C compiler identification is GNU 13.3.0
[0.087s] -- The CXX compiler identification is GNU 13.3.0
[0.098s] -- Detecting C compiler ABI info
[0.164s] -- Detecting C compiler ABI info - done
[0.172s] -- Check for working C compiler: /usr/bin/cc - skipped
[0.172s] -- Detecting C compile features
[0.172s] -- Detecting C compile features - done
[0.179s] -- Detecting CXX compiler ABI info
[0.259s] -- Detecting CXX compiler ABI info - done
[0.266s] -- Check for working CXX compiler: /usr/bin/c++ - skipped
[0.266s] -- Detecting CXX compile features
[0.266s] -- Detecting CXX compile features - done
[0.269s] -- Found ament_cmake: 2.5.2 (/opt/ros/jazzy/share/ament_cmake/cmake)
[0.383s] -- Found Python3: /usr/bin/python3 (found version "3.12.3") found components: Interpreter 
[0.441s] -- Override CMake install command with custom implementation using symlinks instead of copying resources
[0.474s] -- Found rclcpp: 28.1.5 (/opt/ros/jazzy/share/rclcpp/cmake)
[0.518s] -- Found rosidl_generator_c: 4.6.4 (/opt/ros/jazzy/share/rosidl_generator_c/cmake)
[0.531s] -- Found rosidl_generator_cpp: 4.6.4 (/opt/ros/jazzy/share/rosidl_generator_cpp/cmake)
[0.545s] -- Using all available rosidl_typesupport_c: rosidl_typesupport_fastrtps_c;rosidl_typesupport_introspection_c
[0.560s] -- Using all available rosidl_typesupport_cpp: rosidl_typesupport_fastrtps_cpp;rosidl_typesupport_introspection_cpp
[0.623s] -- Found rmw_implementation_cmake: 7.3.1 (/opt/ros/jazzy/share/rmw_implementation_cmake/cmake)
[0.626s] -- Found rmw_fastrtps_cpp: 8.4.1 (/opt/ros/jazzy/share/rmw_fastrtps_cpp/cmake)
[0.694s] -- Found OpenSSL: /usr/lib/x86_64-linux-gnu/libcrypto.so (found version "3.0.13")  
[0.711s] -- Found FastRTPS: /opt/ros/jazzy/include (Required is at least version "2.13") 
[0.732s] -- Using RMW implementation 'rmw_fastrtps_cpp' as default
[0.795s] -- Found visualization_msgs: 5.3.5 (/opt/ros/jazzy/share/visualization_msgs/cmake)
[0.867s] -- Found ament_lint_auto: 0.17.1 (/opt/ros/jazzy/share/ament_lint_auto/cmake)
[0.954s] -- Added test 'cppcheck' to perform static code analysis on C / C++ code
[0.954s] -- Configured cppcheck include dirs: $<BUILD_INTERFACE:/home/louise-bilous/Coding/minicar_ws/src/groundtruthcones_visual_pkg/include>
[0.954s] -- Configured cppcheck exclude dirs and/or files: 
[0.955s] -- Added test 'lint_cmake' to check CMake code style
[0.956s] -- Added test 'uncrustify' to check C / C++ code style
[0.956s] -- Configured uncrustify additional arguments: 
[0.956s] -- Added test 'xmllint' to check XML markup files
[0.958s] -- Configuring done (0.9s)
[0.966s] -- Generating done (0.0s)
[0.969s] -- Build files have been written to: /home/louise-bilous/Coding/minicar_ws/build/groundtruthcones_visual_pkg
[0.978s] Invoked command in '/home/louise-bilous/Coding/minicar_ws/build/groundtruthcones_visual_pkg' returned '0': CMAKE_PREFIX_PATH=${CMAKE_PREFIX_PATH}:/opt/ros/jazzy DEBUGINFOD_URLS=https://debuginfod.ubuntu.com /usr/bin/cmake /home/louise-bilous/Coding/minicar_ws/src/groundtruthcones_visual_pkg -DAMENT_CMAKE_SYMLINK_INSTALL=1 -DCMAKE_INSTALL_PREFIX=/home/louise-bilous/Coding/minicar_ws/install/groundtruthcones_visual_pkg
[0.979s] Invoking command in '/home/louise-bilous/Coding/minicar_ws/build/groundtruthcones_visual_pkg': CMAKE_PREFIX_PATH=${CMAKE_PREFIX_PATH}:/opt/ros/jazzy DEBUGINFOD_URLS=https://debuginfod.ubuntu.com /usr/bin/cmake --build /home/louise-bilous/Coding/minicar_ws/build/groundtruthcones_visual_pkg -- -j8 -l8
[1.026s] [ 50%] [32mBuilding CXX object CMakeFiles/publish_cone_markers.dir/src/publish_cone_markers.cpp.o[0m
[5.566s] [100%] [32m[1mLinking CXX executable publish_cone_markers[0m
[5.710s] [100%] Built target publish_cone_markers
[5.719s] Invoked command in '/home/louise-bilous/Coding/minicar_ws/build/groundtruthcones_visual_pkg' returned '0': CMAKE_PREFIX_PATH=${CMAKE_PREFIX_PATH}:/opt/ros/jazzy DEBUGINFOD_URLS=https://debuginfod.ubuntu.com /usr/bin/cmake --build /home/louise-bilous/Coding/minicar_ws/build/groundtruthcones_visual_pkg -- -j8 -l8
[5.727s] Invoking command in '/home/louise-bilous/Coding/minicar_ws/build/groundtruthcones_visual_pkg': CMAKE_PREFIX_PATH=${CMAKE_PREFIX_PATH}:/opt/ros/jazzy DEBUGINFOD_URLS=https://debuginfod.ubuntu.com /usr/bin/cmake --install /home/louise-bilous/Coding/minicar_ws/build/groundtruthcones_visual_pkg
[5.732s] -- Install configuration: ""
[5.733s] -- Execute custom install script
[5.733s] -- Up-to-date symlink: /home/louise-bilous/Coding/minicar_ws/install/groundtruthcones_visual_pkg/lib/groundtruthcones_visual_pkg/publish_cone_markers
[5.733s] -- Up-to-date symlink: /home/louise-bilous/Coding/minicar_ws/install/groundtruthcones_visual_pkg/share/ament_index/resource_index/package_run_dependencies/groundtruthcones_visual_pkg
[5.733s] -- Up-to-date symlink: /home/louise-bilous/Coding/minicar_ws/install/groundtruthcones_visual_pkg/share/ament_index/resource_index/parent_prefix_path/groundtruthcones_visual_pkg
[5.733s] -- Up-to-date symlink: /home/louise-bilous/Coding/minicar_ws/install/groundtruthcones_visual_pkg/share/groundtruthcones_visual_pkg/environment/ament_prefix_path.sh
[5.733s] -- Up-to-date symlink: /home/louise-bilous/Coding/minicar_ws/install/groundtruthcones_visual_pkg/share/groundtruthcones_visual_pkg/environment/ament_prefix_path.dsv
[5.733s] -- Up-to-date symlink: /home/louise-bilous/Coding/minicar_ws/install/groundtruthcones_visual_pkg/share/groundtruthcones_visual_pkg/environment/path.sh
[5.734s] -- Up-to-date symlink: /home/louise-bilous/Coding/minicar_ws/install/groundtruthcones_visual_pkg/share/groundtruthcones_visual_pkg/environment/path.dsv
[5.734s] -- Up-to-date symlink: /home/louise-bilous/Coding/minicar_ws/install/groundtruthcones_visual_pkg/share/groundtruthcones_visual_pkg/local_setup.bash
[5.734s] -- Up-to-date symlink: /home/louise-bilous/Coding/minicar_ws/install/groundtruthcones_visual_pkg/share/groundtruthcones_visual_pkg/local_setup.sh
[5.734s] -- Up-to-date symlink: /home/louise-bilous/Coding/minicar_ws/install/groundtruthcones_visual_pkg/share/groundtruthcones_visual_pkg/local_setup.zsh
[5.734s] -- Up-to-date symlink: /home/louise-bilous/Coding/minicar_ws/install/groundtruthcones_visual_pkg/share/groundtruthcones_visual_pkg/local_setup.dsv
[5.734s] -- Symlinking: /home/louise-bilous/Coding/minicar_ws/install/groundtruthcones_visual_pkg/share/groundtruthcones_visual_pkg/package.dsv
[5.748s] -- Up-to-date symlink: /home/louise-bilous/Coding/minicar_ws/install/groundtruthcones_visual_pkg/share/ament_index/resource_index/packages/groundtruthcones_visual_pkg
[5.748s] -- Up-to-date symlink: /home/louise-bilous/Coding/minicar_ws/install/groundtruthcones_visual_pkg/share/groundtruthcones_visual_pkg/cmake/groundtruthcones_visual_pkgConfig.cmake
[5.748s] -- Up-to-date symlink: /home/louise-bilous/Coding/minicar_ws/install/groundtruthcones_visual_pkg/share/groundtruthcones_visual_pkg/cmake/groundtruthcones_visual_pkgConfig-version.cmake
[5.748s] -- Up-to-date symlink: /home/louise-bilous/Coding/minicar_ws/install/groundtruthcones_visual_pkg/share/groundtruthcones_visual_pkg/package.xml
[5.762s] Invoked command in '/home/louise-bilous/Coding/minicar_ws/build/groundtruthcones_visual_pkg' returned '0': CMAKE_PREFIX_PATH=${CMAKE_PREFIX_PATH}:/opt/ros/jazzy DEBUGINFOD_URLS=https://debuginfod.ubuntu.com /usr/bin/cmake --install /home/louise-bilous/Coding/minicar_ws/build/groundtruthcones_visual_pkg
